[45391][1615494345295][main][info]["Booting Postman 8.0.7, linux-5.11.4-arch1-1 on x64"]
[45391][1615494345298][main][info]["EventBus~initialize - Success"]
[45391][1615494345301][main][info]["Proxy configuration has not been setup"]
[45391][1615494345302][main][info]["CloudProxyManager~init - Success"]
[45391][1615494345308][main][info]["UpdateHandler~init - Success"]
[45391][1615494345501][main][info]["RuntimeIPCAgent~started: Success"]
[45391][1615494345506][main][info]["LeaderSelection: Initialized successfully"]
[45391][1615494345768][main][info]["LinuxAutoUpdater~Cleanup - Initial cleanup successful"]
[45391][1615494346155][main][info]["window-manager~newSharedWindow: Shell loaded"]
[45391][1615494346269][main][info]["Bootstrap-models~bootstrap - Success"]
[45391][1615494352629][main][info]["Main~AppEvents - Received booted event for process shared"]
[45391][1615494356960][main][info]["UpdateHandler~app-update-events - Received event",{"name":"checkForElectronVersionUpdated","namespace":"appUpdate"}]
[45391][1615494356992][main][info]["Main~AppEvents - Received booted event for process scratchpad"]
[45391][1615494369934][main][info]["Main~AppEvents - Received booted event for process shared"]
[45391][1615494374361][main][info]["UpdateHandler~app-update-events - Received event",{"name":"checkForElectronVersionUpdated","namespace":"appUpdate"}]
[45391][1615494374373][main][info]["Main~AppEvents - Received booted event for process scratchpad"]
[45391][1615494386759][main][info]["UpdateHandler~app-update-events - Received event",{"name":"checkForElectronVersionUpdated","namespace":"appUpdate"}]
[45391][1615494386798][main][info]["Main~AppEvents - Received booted event for process requester"]
[45391][1615495093271][main][info]["WindowManager~closeHandler - Closed Window (id: 6 )"]
[45391][1615495093317][main][info]["Quitting app"]
[5065][1615527693538][main][info]["Booting Postman 8.0.7, linux-5.11.4-arch1-1 on x64"]
[5065][1615527693547][main][info]["EventBus~initialize - Success"]
[5065][1615527693659][main][info]["Proxy configuration has not been setup"]
[5065][1615527693661][main][info]["CloudProxyManager~init - Success"]
[5065][1615527693681][main][info]["UpdateHandler~init - Success"]
[5065][1615527698465][main][info]["RuntimeIPCAgent~started: Success"]
[5065][1615527698468][main][info]["LeaderSelection: Initialized successfully"]
[5065][1615527700571][main][info]["LinuxAutoUpdater~Cleanup - Initial cleanup successful"]
[5065][1615527701409][main][info]["Bootstrap-models~bootstrap - Success"]
[5065][1615527705767][main][info]["window-manager~newSharedWindow: Shell loaded"]
[5065][1615527712630][main][info]["Main~AppEvents - Received booted event for process shared"]
[5065][1615527717047][main][info]["UpdateHandler~app-update-events - Received event",{"name":"checkForElectronVersionUpdated","namespace":"appUpdate"}]
[5065][1615527717087][main][info]["Main~AppEvents - Received booted event for process requester"]
[5065][1615577908631][main][info]["WindowManager~closeHandler - Closed Window (id: 3 )"]
[5065][1615577908903][main][info]["Quitting app"]
[70826][1615585928282][main][info]["Booting Postman 8.0.7, linux-5.11.4-arch1-1 on x64"]
[70826][1615585928285][main][info]["EventBus~initialize - Success"]
[70826][1615585928297][main][info]["Proxy configuration has not been setup"]
[70826][1615585928298][main][info]["CloudProxyManager~init - Success"]
[70826][1615585928305][main][info]["UpdateHandler~init - Success"]
[70826][1615585930778][main][info]["RuntimeIPCAgent~started: Success"]
[70826][1615585930831][main][info]["LeaderSelection: Initialized successfully"]
[70826][1615585931585][main][info]["LinuxAutoUpdater~Cleanup - Initial cleanup successful"]
[70826][1615585931948][main][info]["Bootstrap-models~bootstrap - Success"]
[70826][1615585932542][main][info]["window-manager~newSharedWindow: Shell loaded"]
[70826][1615585939395][main][info]["Main~AppEvents - Received booted event for process shared"]
[70826][1615585944801][main][info]["UpdateHandler~app-update-events - Received event",{"name":"checkForElectronVersionUpdated","namespace":"appUpdate"}]
[70826][1615585944844][main][info]["Main~AppEvents - Received booted event for process requester"]
[70826][1615597057709][main][info]["WindowManager~closeHandler - Closed Window (id: 3 )"]
[70826][1615597057744][main][info]["Quitting app"]
[23835][1615806882452][main][info]["Booting Postman 8.0.7, linux-5.11.4-arch1-1 on x64"]
[23835][1615806882463][main][info]["EventBus~initialize - Success"]
[23835][1615806882514][main][info]["Proxy configuration has not been setup"]
[23835][1615806882516][main][info]["CloudProxyManager~init - Success"]
[23835][1615806882539][main][info]["UpdateHandler~init - Success"]
[23835][1615806884803][main][info]["RuntimeIPCAgent~started: Success"]
[23835][1615806884844][main][info]["LeaderSelection: Initialized successfully"]
[23835][1615806886616][main][info]["LinuxAutoUpdater~Cleanup - Initial cleanup successful"]
[23835][1615806887432][main][info]["Bootstrap-models~bootstrap - Success"]
[23835][1615806889788][main][info]["window-manager~newSharedWindow: Shell loaded"]
[23835][1615806896507][main][info]["Main~AppEvents - Received booted event for process shared"]
[23835][1615806900166][main][info]["UpdateHandler~app-update-events - Received event",{"name":"checkForElectronVersionUpdated","namespace":"appUpdate"}]
[23835][1615806900191][main][info]["Main~AppEvents - Received booted event for process requester"]
[23835][1615808747563][main][info]["WindowManager~closeHandler - Closed Window (id: 3 )"]
[23835][1615808747608][main][info]["Quitting app"]
[26026][1615908439625][main][info]["Booting Postman 8.0.7, linux-5.11.4-arch1-1 on x64"]
[26026][1615908439627][main][info]["EventBus~initialize - Success"]
[26026][1615908439696][main][info]["Proxy configuration has not been setup"]
[26026][1615908439696][main][info]["CloudProxyManager~init - Success"]
[26026][1615908439703][main][info]["UpdateHandler~init - Success"]
[26026][1615908442605][main][info]["RuntimeIPCAgent~started: Success"]
[26026][1615908442657][main][info]["LeaderSelection: Initialized successfully"]
[26026][1615908444843][main][info]["LinuxAutoUpdater~Cleanup - Initial cleanup successful"]
[26026][1615908445865][main][info]["Bootstrap-models~bootstrap - Success"]
[26026][1615908448481][main][info]["window-manager~newSharedWindow: Shell loaded"]
[26026][1615908453994][main][info]["Main~AppEvents - Received booted event for process shared"]
[26026][1615908457384][main][info]["UpdateHandler~app-update-events - Received event",{"name":"checkForElectronVersionUpdated","namespace":"appUpdate"}]
[26026][1615908457409][main][info]["Main~AppEvents - Received booted event for process requester"]
[26026][1615908559330][main][info]["WindowManager~closeHandler - Closed Window (id: 3 )"]
[26026][1615908559383][main][info]["Quitting app"]
[42978][1615916480575][main][info]["Booting Postman 8.0.7, linux-5.11.4-arch1-1 on x64"]
[42978][1615916480577][main][info]["EventBus~initialize - Success"]
[42978][1615916480580][main][info]["Proxy configuration has not been setup"]
[42978][1615916480580][main][info]["CloudProxyManager~init - Success"]
[42978][1615916480586][main][info]["UpdateHandler~init - Success"]
[42978][1615916480749][main][info]["RuntimeIPCAgent~started: Success"]
[42978][1615916480753][main][info]["LeaderSelection: Initialized successfully"]
[42978][1615916480952][main][info]["LinuxAutoUpdater~Cleanup - Initial cleanup successful"]
[42978][1615916481218][main][info]["Bootstrap-models~bootstrap - Success"]
[42978][1615916481436][main][info]["window-manager~newSharedWindow: Shell loaded"]
[42978][1615916485913][main][info]["Main~AppEvents - Received booted event for process shared"]
[42978][1615916488979][main][info]["UpdateHandler~app-update-events - Received event",{"name":"checkForElectronVersionUpdated","namespace":"appUpdate"}]
[42978][1615916489001][main][info]["Main~AppEvents - Received booted event for process requester"]
[42978][1615936404496][main][info]["WindowManager~closeHandler - Closed Window (id: 3 )"]
[42978][1615936404527][main][info]["Quitting app"]
[4920][1616060004995][main][info]["Booting Postman 8.0.7, linux-5.11.6-arch1-1 on x64"]
[4920][1616060005005][main][info]["EventBus~initialize - Success"]
[4920][1616060005100][main][info]["Proxy configuration has not been setup"]
[4920][1616060005101][main][info]["CloudProxyManager~init - Success"]
[4920][1616060005111][main][info]["UpdateHandler~init - Success"]
[4920][1616060007991][main][info]["RuntimeIPCAgent~started: Success"]
[4920][1616060008081][main][info]["LeaderSelection: Initialized successfully"]
[4920][1616060010289][main][info]["LinuxAutoUpdater~Cleanup - Initial cleanup successful"]
[4920][1616060011093][main][info]["Bootstrap-models~bootstrap - Success"]
[4920][1616060014010][main][info]["window-manager~newSharedWindow: Shell loaded"]
[4920][1616060019209][main][info]["Main~AppEvents - Received booted event for process shared"]
[4920][1616060022242][main][info]["UpdateHandler~app-update-events - Received event",{"name":"checkForElectronVersionUpdated","namespace":"appUpdate"}]
[4920][1616060022258][main][info]["Main~AppEvents - Received booted event for process requester"]
[4920][1616112502037][main][info]["WindowManager~closeHandler - Closed Window (id: 3 )"]
[4920][1616112502126][main][info]["Quitting app"]
