[45391][1615494356205][scratchpad][info]["EventBus~initialize - Success"]
[45391][1615494356210][scratchpad][info]["Messaging~boot - Success"]
[45391][1615494356238][scratchpad][info]["bootCrashReporter~ Success"]
[45391][1615494356239][scratchpad][info]["Telemetry~boot - Success"]
[45391][1615494356241][scratchpad][info]["bootConfigurations~initialize - Success"]
[45391][1615494356246][scratchpad][info]["Settings~boot - Success"]
[45391][1615494356526][scratchpad][info]["bootstrapModels - Success"]
[45391][1615494356529][scratchpad][info]["WLModels~boot - Success"]
[45391][1615494356702][scratchpad][info]["Session~boot - Success"]
[45391][1615494356705][scratchpad][info]["IndependentServices~boot - Success"]
[45391][1615494356718][scratchpad][info]["AppModels~boot - Success"]
[45391][1615494356746][scratchpad][info]["Sync~boot - Success"]
[45391][1615494356778][scratchpad][info]["PostUpdateBackup~init: Success"]
[45391][1615494356781][scratchpad][info]["Shared~boot - Success"]
[45391][1615494356783][scratchpad][info]["DBWatcher~boot - Success"]
[45391][1615494356786][scratchpad][info]["ThemeManager~boot - Success"]
[45391][1615494356786][scratchpad][info]["WorkbenchService~boot - Success"]
[45391][1615494356787][scratchpad][info]["ContextBarRegistry~boot - Success"]
[45391][1615494356788][scratchpad][info]["Store~boot - Success"]
[45391][1615494356794][scratchpad][info]["Shortcuts~boot - Success"]
[45391][1615494356948][scratchpad][info]["NewConsole~boot - Success"]
[45391][1615494356953][scratchpad][info]["APIDevInterface~boot - Success"]
[45391][1615494356971][scratchpad][info]["Requester~boot - Success"]
[45391][1615494356972][scratchpad][info]["SharedRuntimeListeners~boot - Success"]
[45391][1615494356973][scratchpad][info]["booted - scratchpad"]
[45391][1615494357155][scratchpad][info]["NavigationService ~ [BROWSER] Transitioning io the initial route with the URL:","home"]
[45391][1615494357215][scratchpad][info]["CloudProxyHandler: Proxy configuration has not been setup"]
[45391][1615494357717][scratchpad][info]["SessionValidation - Registering listener"]
[45391][1615494357738][scratchpad][info]["UI pulled the session locked information on init"]
[45391][1615494373544][scratchpad][info]["EventBus~initialize - Success"]
[45391][1615494373546][scratchpad][info]["Messaging~boot - Success"]
[45391][1615494373575][scratchpad][info]["bootCrashReporter~ Success"]
[45391][1615494373577][scratchpad][info]["Telemetry~boot - Success"]
[45391][1615494373578][scratchpad][info]["bootConfigurations~initialize - Success"]
[45391][1615494373581][scratchpad][info]["Settings~boot - Success"]
[45391][1615494373993][scratchpad][info]["bootstrapModels - Success"]
[45391][1615494373995][scratchpad][info]["WLModels~boot - Success"]
[45391][1615494374128][scratchpad][info]["Session~boot - Success"]
[45391][1615494374136][scratchpad][info]["IndependentServices~boot - Success"]
[45391][1615494374152][scratchpad][info]["AppModels~boot - Success"]
[45391][1615494374176][scratchpad][info]["Sync~boot - Success"]
[45391][1615494374216][scratchpad][info]["PostUpdateBackup~init: Success"]
[45391][1615494374219][scratchpad][info]["Shared~boot - Success"]
[45391][1615494374222][scratchpad][info]["DBWatcher~boot - Success"]
[45391][1615494374226][scratchpad][info]["ThemeManager~boot - Success"]
[45391][1615494374227][scratchpad][info]["WorkbenchService~boot - Success"]
[45391][1615494374228][scratchpad][info]["ContextBarRegistry~boot - Success"]
[45391][1615494374229][scratchpad][info]["Store~boot - Success"]
[45391][1615494374234][scratchpad][info]["Shortcuts~boot - Success"]
[45391][1615494374349][scratchpad][info]["NewConsole~boot - Success"]
[45391][1615494374354][scratchpad][info]["APIDevInterface~boot - Success"]
[45391][1615494374369][scratchpad][info]["Requester~boot - Success"]
[45391][1615494374371][scratchpad][info]["SharedRuntimeListeners~boot - Success"]
[45391][1615494374371][scratchpad][info]["booted - scratchpad"]
[45391][1615494374538][scratchpad][info]["NavigationService ~ [BROWSER] Transitioning io the initial route with the URL:","home"]
[45391][1615494374580][scratchpad][info]["CloudProxyHandler: Proxy configuration has not been setup"]
[45391][1615494375183][scratchpad][info]["SessionValidation - Registering listener"]
[45391][1615494375208][scratchpad][info]["UI pulled the session locked information on init"]
[45391][1615494383390][scratchpad][info]["PostLoginService - enter post login service"]
[45391][1615494383420][scratchpad][info]["PostLoginService: Starting post login migration"]
[45391][1615494383421][scratchpad][info]["PostLoginService: Backing up user data"]
[45391][1615494383434][scratchpad][warn]["BackupService~backupData: Bailing out of creating backup as user is signed-in"]
[45391][1615494383435][scratchpad][info]["PostLoginService: Finished backing up user data"]
[45391][1615494383435][scratchpad][info]["PostLoginService: Creating new workspace"]
[45391][1615494383554][scratchpad][info]["PostLoginService: Creating changesets for unsynced changes"]
[45391][1615494383576][scratchpad][info]["PostLoginService: Changing owner in models"]
[45391][1615494383590][scratchpad][info]["PostLoginService: Changing user id reference in models"]
[45391][1615494383598][scratchpad][info]["PostLoginService: Changing owner id workspace dependencies"]
[45391][1615494383603][scratchpad][info]["PostLoginService: Rewiring globals"]
[45391][1615494383796][scratchpad][info]["PostLoginService: Rewiring variable sessions"]
[45391][1615494383800][scratchpad][info]["PostLoginService: Updating workspace sessions"]
[45391][1615494383901][scratchpad][info]["PostLoginService: Deleting old workspace"]
