[45391][1615494346136][shell][info]["EventBus~initialize - Success"]
[45391][1615494346145][shell][info]["bootShellCrashReporter~ Success"]
[45391][1615494346165][shell][info]["shellController~init: Success"]
[45391][1615494346166][shell][info]["shellMeta~init: Success"]
[45391][1615494346166][shell][info]["partitionMigrationService: State of V7 partition:"]
[45391][1615494346166][shell][info]["partitionMigrationService: V7 partitions",[]]
[45391][1615494346166][shell][info]["partitionMigrationService: V7 lastActiveUser",null]
[45391][1615494346167][shell][info]["partitionMigrationService: V7 activePartition",null]
[45391][1615494346167][shell][info]["partitionMigrationService: V7 isPartitionDirty",null]
[45391][1615494346167][shell][info]["partitionMigrationService~rectifyNamespaceOfScratchPadPartition: There is no partition with scratchpad namespace"]
[45391][1615494346167][shell][info]["partitionMigrationService~rectifyNamespaceOfScratchPadPartition: There is no transit partition which could have been used for scratchpad"]
[45391][1615494346167][shell][info]["partitionMigrationService~init: Success"]
[45391][1615494346168][shell][info]["partitionMigrationService~runV8PartitionsIntegrity: Two way migration~ removing the following partitions from v8",[]]
[45391][1615494346168][shell][info]["userPartitionService~_rectifyTheActivePartitionOfApplication: Setting the active partition to ",null]
[45391][1615494346169][shell][info]["userPartitionService~init: Success"]
[45391][1615494346169][shell][info]["userPartitionService: State of v8 partition system:"]
[45391][1615494346170][shell][info]["userPartitionService: List of partitions:",[]]
[45391][1615494346170][shell][info]["userPartitionService: users global meta:",{"activePartition":null}]
[45391][1615494346171][shell][info]["shell~init~loadView: loading scratchpad partition"]
[45391][1615494346172][shell][info]["shell~init~loadView: loading active partition","f33e1fbd-4f91-4daa-a3e5-85ffcfc799c6"]
[45391][1615494346173][shell][info]["init~setViewAttributes - Initializing view with opts:",{"id":2,"type":"shared","startTime":1615494345599,"devtools":false,"partitionId":"f33e1fbd-4f91-4daa-a3e5-85ffcfc799c6"}]
[45391][1615494346173][shell][info]["Shell~init~setViewAttributes: passing scratchpad partition id as ","f33e1fbd-4f91-4daa-a3e5-85ffcfc799c6"]
[45391][1615494346174][shell][info]["Shell~init~setViewAttributes: do we have any logged in users? ",false]
[45391][1615494346174][shell][info]["init~setViewAttributes - Success"]
[45391][1615494352623][shell][info]["Shell~init~sendUsersDataToRenderer",[]]
[45391][1615494352627][shell][info]["Shell~init~requestTeamIdIfV7Partition: requesting user context from requester web view"]
[45391][1615494352877][shell][info]["Shell~init~attachShellIPCListeners: Received user context from requester web view",{"userId":"0","teamId":"0"}]
[45391][1615494353289][shell][info]["EventBus~initialize - Success"]
[45391][1615494353297][shell][info]["bootShellCrashReporter~ Success"]
[45391][1615494353315][shell][info]["userPartitionService: State of v8 partition system:"]
[45391][1615494353315][shell][info]["userPartitionService: List of partitions:",[{"partitionId":"f33e1fbd-4f91-4daa-a3e5-85ffcfc799c6","namespace":"scratchPad","userId":0,"teamId":0,"isDirty":false}]]
[45391][1615494353316][shell][info]["userPartitionService: users global meta:",{"activePartition":"f33e1fbd-4f91-4daa-a3e5-85ffcfc799c6"}]
[45391][1615494353317][shell][info]["shell~init~loadView: loading active partition"]
[45391][1615494353317][shell][info]["shell~init~loadView: loading active partition","f33e1fbd-4f91-4daa-a3e5-85ffcfc799c6"]
[45391][1615494353319][shell][info]["init~setViewAttributes - Initializing view with opts:",{"id":3,"type":"requester","startTime":1615494352720,"devtools":false,"primaryId":3,"allIds":[3],"partitionId":"f33e1fbd-4f91-4daa-a3e5-85ffcfc799c6"}]
[45391][1615494353320][shell][info]["Shell~init~setViewAttributes: passing scratchpad partition id as ","f33e1fbd-4f91-4daa-a3e5-85ffcfc799c6"]
[45391][1615494353320][shell][info]["Shell~init~setViewAttributes: do we have any logged in users? ",false]
[45391][1615494353321][shell][info]["init~setViewAttributes - Success"]
[45391][1615494356994][shell][info]["Shell~init~sendUsersDataToRenderer",[]]
[45391][1615494357052][shell][info]["Shell~init~sendUsersDataToRenderer",[]]
[45391][1615494361840][shell][info]["Shell~init~addNewUser: using transit partition","a1fdce13-60cc-4c98-aab2-9fdd9bd6cc09"]
[45391][1615494361844][shell][info]["shell~init~loadView: loading active partition","a1fdce13-60cc-4c98-aab2-9fdd9bd6cc09"]
[45391][1615494361860][shell][info]["init~setViewAttributes - Initializing view with opts:",{"id":2,"partitionId":"a1fdce13-60cc-4c98-aab2-9fdd9bd6cc09","newUser":true,"type":"shared"}]
[45391][1615494361862][shell][info]["Shell~init~setViewAttributes: passing scratchpad partition id as ","f33e1fbd-4f91-4daa-a3e5-85ffcfc799c6"]
[45391][1615494361882][shell][info]["Shell~init~setViewAttributes: do we have any logged in users? ",false]
[45391][1615494361885][shell][info]["init~setViewAttributes - Success"]
[45391][1615494369934][shell][info]["Shell~init~sendUsersDataToRenderer",[]]
[45391][1615494370683][shell][info]["EventBus~initialize - Success"]
[45391][1615494370695][shell][info]["bootShellCrashReporter~ Success"]
[45391][1615494370727][shell][info]["userPartitionService: State of v8 partition system:"]
[45391][1615494370729][shell][info]["userPartitionService: List of partitions:",[{"partitionId":"a1fdce13-60cc-4c98-aab2-9fdd9bd6cc09","namespace":"users","userId":0,"teamId":0,"lastUpdated":"2021-03-11T20:26:01.837Z"},{"partitionId":"f33e1fbd-4f91-4daa-a3e5-85ffcfc799c6","namespace":"scratchPad","userId":0,"teamId":0,"isDirty":false}]]
[45391][1615494370730][shell][info]["userPartitionService: users global meta:",{"activePartition":"a1fdce13-60cc-4c98-aab2-9fdd9bd6cc09"}]
[45391][1615494370731][shell][info]["shell~init~loadView: loading active partition"]
[45391][1615494370732][shell][info]["shell~init~loadView: loading active partition","a1fdce13-60cc-4c98-aab2-9fdd9bd6cc09"]
[45391][1615494370735][shell][info]["init~setViewAttributes - Initializing view with opts:",{"id":6,"type":"requester","startTime":1615494369951,"devtools":false,"primaryId":6,"allIds":[6],"partitionId":"a1fdce13-60cc-4c98-aab2-9fdd9bd6cc09"}]
[45391][1615494370737][shell][info]["Shell~init~setViewAttributes: passing scratchpad partition id as ","f33e1fbd-4f91-4daa-a3e5-85ffcfc799c6"]
[45391][1615494370737][shell][info]["Shell~init~setViewAttributes: do we have any logged in users? ",false]
[45391][1615494370739][shell][info]["init~setViewAttributes - Success"]
[45391][1615494374374][shell][info]["Shell~init~sendUsersDataToRenderer",[]]
[45391][1615494374425][shell][info]["Shell~init~sendUsersDataToRenderer",[]]
[45391][1615494382954][shell][info]["Shell~init~loginUser"]
[45391][1615494382955][shell][info]["Shell~init~loginUser: associating the user ","14787761"," with current partition ","a1fdce13-60cc-4c98-aab2-9fdd9bd6cc09"]
[45391][1615494382956][shell][info]["userPartitionService~associateTransitPartition: ",{"partitionId":"a1fdce13-60cc-4c98-aab2-9fdd9bd6cc09","context":{"namespace":"users","userId":"14787761","teamId":"0"}}]
[45391][1615494382957][shell][info]["userPartitionService: State of v8 partition system:"]
[45391][1615494382958][shell][info]["userPartitionService: List of partitions:",[{"partitionId":"a1fdce13-60cc-4c98-aab2-9fdd9bd6cc09","namespace":"users","userId":"14787761","teamId":"0","lastUpdated":"2021-03-11T20:26:22.956Z"},{"partitionId":"f33e1fbd-4f91-4daa-a3e5-85ffcfc799c6","namespace":"scratchPad","userId":0,"teamId":0,"isDirty":false}]]
[45391][1615494382958][shell][info]["userPartitionService: users global meta:",{"activePartition":"a1fdce13-60cc-4c98-aab2-9fdd9bd6cc09"}]
[45391][1615494382958][shell][info]["Shell~init~sendUsersDataToRenderer",["14787761"]]
[45391][1615494384346][shell][info]["EventBus~initialize - Success"]
[45391][1615494384348][shell][info]["bootShellCrashReporter~ Success"]
[45391][1615494384364][shell][info]["userPartitionService: State of v8 partition system:"]
[45391][1615494384365][shell][info]["userPartitionService: List of partitions:",[{"partitionId":"a1fdce13-60cc-4c98-aab2-9fdd9bd6cc09","namespace":"users","userId":"14787761","teamId":"0","lastUpdated":"2021-03-11T20:26:22.956Z"},{"partitionId":"f33e1fbd-4f91-4daa-a3e5-85ffcfc799c6","namespace":"scratchPad","userId":0,"teamId":0,"isDirty":false}]]
[45391][1615494384365][shell][info]["userPartitionService: users global meta:",{"activePartition":"a1fdce13-60cc-4c98-aab2-9fdd9bd6cc09"}]
[45391][1615494384366][shell][info]["shell~init~loadView: loading active partition"]
[45391][1615494384366][shell][info]["shell~init~loadView: loading active partition","a1fdce13-60cc-4c98-aab2-9fdd9bd6cc09"]
[45391][1615494384367][shell][info]["init~setViewAttributes - Initializing view with opts:",{"id":6,"type":"requester","startTime":1615494369951,"devtools":false,"primaryId":6,"allIds":[6],"partitionId":"a1fdce13-60cc-4c98-aab2-9fdd9bd6cc09"}]
[45391][1615494384367][shell][info]["Shell~init~setViewAttributes: passing scratchpad partition id as ","f33e1fbd-4f91-4daa-a3e5-85ffcfc799c6"]
[45391][1615494384368][shell][info]["Shell~init~setViewAttributes: do we have any logged in users? ",true]
[45391][1615494384368][shell][info]["init~setViewAttributes - Success"]
[45391][1615494386795][shell][info]["Shell~init~sendUsersDataToRenderer",["14787761"]]
[45391][1615494386885][shell][info]["Shell~init~sendUsersDataToRenderer",["14787761"]]
[45391][1615494391801][shell][info]["model-events~user - bootstrapUser received"]
[45391][1615494391823][shell][info]["userPartitionService~associateTransitPartition: ",{"partitionId":"a1fdce13-60cc-4c98-aab2-9fdd9bd6cc09","context":{"namespace":"users","userId":"14787761","teamId":"0"}}]
[45391][1615494391825][shell][info]["userPartitionService: State of v8 partition system:"]
[45391][1615494391826][shell][info]["userPartitionService: List of partitions:",[{"partitionId":"a1fdce13-60cc-4c98-aab2-9fdd9bd6cc09","namespace":"users","userId":"14787761","teamId":"0","lastUpdated":"2021-03-11T20:26:31.823Z"},{"partitionId":"f33e1fbd-4f91-4daa-a3e5-85ffcfc799c6","namespace":"scratchPad","userId":0,"teamId":0,"isDirty":false}]]
[45391][1615494391828][shell][info]["userPartitionService: users global meta:",{"activePartition":"a1fdce13-60cc-4c98-aab2-9fdd9bd6cc09"}]
[5065][1615527705563][shell][info]["EventBus~initialize - Success"]
[5065][1615527705706][shell][info]["bootShellCrashReporter~ Success"]
[5065][1615527705822][shell][info]["shellController~init: Success"]
[5065][1615527705824][shell][info]["shellMeta~init: Success"]
[5065][1615527705825][shell][info]["partitionMigrationService: State of V7 partition:"]
[5065][1615527705826][shell][info]["partitionMigrationService: V7 partitions",[]]
[5065][1615527705827][shell][info]["partitionMigrationService: V7 lastActiveUser",null]
[5065][1615527705828][shell][info]["partitionMigrationService: V7 activePartition",null]
[5065][1615527705830][shell][info]["partitionMigrationService: V7 isPartitionDirty",null]
[5065][1615527705831][shell][info]["partitionMigrationService~init: Success"]
[5065][1615527705832][shell][info]["partitionMigrationService~runV8PartitionsIntegrity: Two way migration~ removing the following partitions from v8",[]]
[5065][1615527705833][shell][info]["userPartitionService~getRecentV8UserPartition: recent v8 user context partition ","a1fdce13-60cc-4c98-aab2-9fdd9bd6cc09"]
[5065][1615527705833][shell][info]["userPartitionService~_rectifyTheActivePartitionOfApplication: Setting the active partition to ","a1fdce13-60cc-4c98-aab2-9fdd9bd6cc09"]
[5065][1615527705834][shell][info]["userPartitionService~init: Success"]
[5065][1615527705838][shell][info]["userPartitionService: State of v8 partition system:"]
[5065][1615527705839][shell][info]["userPartitionService: List of partitions:",[{"partitionId":"a1fdce13-60cc-4c98-aab2-9fdd9bd6cc09","namespace":"users","userId":"14787761","teamId":"0","lastUpdated":"2021-03-11T20:26:31.823Z"},{"partitionId":"f33e1fbd-4f91-4daa-a3e5-85ffcfc799c6","namespace":"scratchPad","userId":0,"teamId":0,"isDirty":false}]]
[5065][1615527705841][shell][info]["userPartitionService: users global meta:",{"activePartition":"a1fdce13-60cc-4c98-aab2-9fdd9bd6cc09"}]
[5065][1615527705843][shell][info]["shell~init~loadView: loading active partition"]
[5065][1615527705843][shell][info]["shell~init~loadView: loading active partition","a1fdce13-60cc-4c98-aab2-9fdd9bd6cc09"]
[5065][1615527705847][shell][info]["init~setViewAttributes - Initializing view with opts:",{"id":2,"type":"shared","startTime":1615527699851,"devtools":false,"partitionId":"a1fdce13-60cc-4c98-aab2-9fdd9bd6cc09"}]
[5065][1615527705848][shell][info]["Shell~init~setViewAttributes: passing scratchpad partition id as ","f33e1fbd-4f91-4daa-a3e5-85ffcfc799c6"]
[5065][1615527705848][shell][info]["Shell~init~setViewAttributes: do we have any logged in users? ",true]
[5065][1615527705849][shell][info]["init~setViewAttributes - Success"]
[5065][1615527712632][shell][info]["Shell~init~sendUsersDataToRenderer",["14787761"]]
[5065][1615527713349][shell][info]["EventBus~initialize - Success"]
[5065][1615527713358][shell][info]["bootShellCrashReporter~ Success"]
[5065][1615527713381][shell][info]["userPartitionService: State of v8 partition system:"]
[5065][1615527713382][shell][info]["userPartitionService: List of partitions:",[{"partitionId":"a1fdce13-60cc-4c98-aab2-9fdd9bd6cc09","namespace":"users","userId":"14787761","teamId":"0","lastUpdated":"2021-03-11T20:26:31.823Z"},{"partitionId":"f33e1fbd-4f91-4daa-a3e5-85ffcfc799c6","namespace":"scratchPad","userId":0,"teamId":0,"isDirty":false}]]
[5065][1615527713383][shell][info]["userPartitionService: users global meta:",{"activePartition":"a1fdce13-60cc-4c98-aab2-9fdd9bd6cc09"}]
[5065][1615527713383][shell][info]["shell~init~loadView: loading active partition"]
[5065][1615527713384][shell][info]["shell~init~loadView: loading active partition","a1fdce13-60cc-4c98-aab2-9fdd9bd6cc09"]
[5065][1615527713386][shell][info]["init~setViewAttributes - Initializing view with opts:",{"id":3,"type":"requester","startTime":1615527712749,"devtools":false,"primaryId":3,"allIds":[3],"partitionId":"a1fdce13-60cc-4c98-aab2-9fdd9bd6cc09"}]
[5065][1615527713388][shell][info]["Shell~init~setViewAttributes: passing scratchpad partition id as ","f33e1fbd-4f91-4daa-a3e5-85ffcfc799c6"]
[5065][1615527713388][shell][info]["Shell~init~setViewAttributes: do we have any logged in users? ",true]
[5065][1615527713389][shell][info]["init~setViewAttributes - Success"]
[5065][1615527717089][shell][info]["Shell~init~sendUsersDataToRenderer",["14787761"]]
[5065][1615527717176][shell][info]["Shell~init~sendUsersDataToRenderer",["14787761"]]
[5065][1615527719027][shell][info]["model-events~user - bootstrapUser received"]
[5065][1615527719030][shell][info]["userPartitionService~associateTransitPartition: ",{"partitionId":"a1fdce13-60cc-4c98-aab2-9fdd9bd6cc09","context":{"namespace":"users","userId":"14787761","teamId":"0"}}]
[5065][1615527719031][shell][info]["userPartitionService: State of v8 partition system:"]
[5065][1615527719032][shell][info]["userPartitionService: List of partitions:",[{"partitionId":"a1fdce13-60cc-4c98-aab2-9fdd9bd6cc09","namespace":"users","userId":"14787761","teamId":"0","lastUpdated":"2021-03-12T05:41:59.030Z"},{"partitionId":"f33e1fbd-4f91-4daa-a3e5-85ffcfc799c6","namespace":"scratchPad","userId":0,"teamId":0,"isDirty":false}]]
[5065][1615527719032][shell][info]["userPartitionService: users global meta:",{"activePartition":"a1fdce13-60cc-4c98-aab2-9fdd9bd6cc09"}]
[70826][1615585932481][shell][info]["EventBus~initialize - Success"]
[70826][1615585932513][shell][info]["bootShellCrashReporter~ Success"]
[70826][1615585932559][shell][info]["shellController~init: Success"]
[70826][1615585932561][shell][info]["shellMeta~init: Success"]
[70826][1615585932564][shell][info]["partitionMigrationService: State of V7 partition:"]
[70826][1615585932566][shell][info]["partitionMigrationService: V7 partitions",[]]
[70826][1615585932567][shell][info]["partitionMigrationService: V7 lastActiveUser",null]
[70826][1615585932568][shell][info]["partitionMigrationService: V7 activePartition",null]
[70826][1615585932568][shell][info]["partitionMigrationService: V7 isPartitionDirty",null]
[70826][1615585932573][shell][info]["partitionMigrationService~init: Success"]
[70826][1615585932574][shell][info]["partitionMigrationService~runV8PartitionsIntegrity: Two way migration~ removing the following partitions from v8",[]]
[70826][1615585932575][shell][info]["userPartitionService~getRecentV8UserPartition: recent v8 user context partition ","a1fdce13-60cc-4c98-aab2-9fdd9bd6cc09"]
[70826][1615585932575][shell][info]["userPartitionService~_rectifyTheActivePartitionOfApplication: Setting the active partition to ","a1fdce13-60cc-4c98-aab2-9fdd9bd6cc09"]
[70826][1615585932576][shell][info]["userPartitionService~init: Success"]
[70826][1615585932577][shell][info]["userPartitionService: State of v8 partition system:"]
[70826][1615585932577][shell][info]["userPartitionService: List of partitions:",[{"partitionId":"a1fdce13-60cc-4c98-aab2-9fdd9bd6cc09","namespace":"users","userId":"14787761","teamId":"0","lastUpdated":"2021-03-12T05:41:59.030Z"},{"partitionId":"f33e1fbd-4f91-4daa-a3e5-85ffcfc799c6","namespace":"scratchPad","userId":0,"teamId":0,"isDirty":false}]]
[70826][1615585932578][shell][info]["userPartitionService: users global meta:",{"activePartition":"a1fdce13-60cc-4c98-aab2-9fdd9bd6cc09"}]
[70826][1615585932579][shell][info]["shell~init~loadView: loading active partition"]
[70826][1615585932580][shell][info]["shell~init~loadView: loading active partition","a1fdce13-60cc-4c98-aab2-9fdd9bd6cc09"]
[70826][1615585932581][shell][info]["init~setViewAttributes - Initializing view with opts:",{"id":2,"type":"shared","startTime":1615585931272,"devtools":false,"partitionId":"a1fdce13-60cc-4c98-aab2-9fdd9bd6cc09"}]
[70826][1615585932582][shell][info]["Shell~init~setViewAttributes: passing scratchpad partition id as ","f33e1fbd-4f91-4daa-a3e5-85ffcfc799c6"]
[70826][1615585932582][shell][info]["Shell~init~setViewAttributes: do we have any logged in users? ",true]
[70826][1615585932583][shell][info]["init~setViewAttributes - Success"]
[70826][1615585939398][shell][info]["Shell~init~sendUsersDataToRenderer",["14787761"]]
[70826][1615585940208][shell][info]["EventBus~initialize - Success"]
[70826][1615585940230][shell][info]["bootShellCrashReporter~ Success"]
[70826][1615585940273][shell][info]["userPartitionService: State of v8 partition system:"]
[70826][1615585940276][shell][info]["userPartitionService: List of partitions:",[{"partitionId":"a1fdce13-60cc-4c98-aab2-9fdd9bd6cc09","namespace":"users","userId":"14787761","teamId":"0","lastUpdated":"2021-03-12T05:41:59.030Z"},{"partitionId":"f33e1fbd-4f91-4daa-a3e5-85ffcfc799c6","namespace":"scratchPad","userId":0,"teamId":0,"isDirty":false}]]
[70826][1615585940277][shell][info]["userPartitionService: users global meta:",{"activePartition":"a1fdce13-60cc-4c98-aab2-9fdd9bd6cc09"}]
[70826][1615585940278][shell][info]["shell~init~loadView: loading active partition"]
[70826][1615585940278][shell][info]["shell~init~loadView: loading active partition","a1fdce13-60cc-4c98-aab2-9fdd9bd6cc09"]
[70826][1615585940280][shell][info]["init~setViewAttributes - Initializing view with opts:",{"id":3,"type":"requester","startTime":1615585939469,"devtools":false,"primaryId":3,"allIds":[3],"partitionId":"a1fdce13-60cc-4c98-aab2-9fdd9bd6cc09"}]
[70826][1615585940283][shell][info]["Shell~init~setViewAttributes: passing scratchpad partition id as ","f33e1fbd-4f91-4daa-a3e5-85ffcfc799c6"]
[70826][1615585940284][shell][info]["Shell~init~setViewAttributes: do we have any logged in users? ",true]
[70826][1615585940286][shell][info]["init~setViewAttributes - Success"]
[70826][1615585944846][shell][info]["Shell~init~sendUsersDataToRenderer",["14787761"]]
[70826][1615585945012][shell][info]["Shell~init~sendUsersDataToRenderer",["14787761"]]
[70826][1615585947348][shell][info]["model-events~user - bootstrapUser received"]
[70826][1615585947359][shell][info]["userPartitionService~associateTransitPartition: ",{"partitionId":"a1fdce13-60cc-4c98-aab2-9fdd9bd6cc09","context":{"namespace":"users","userId":"14787761","teamId":"0"}}]
[70826][1615585947361][shell][info]["userPartitionService: State of v8 partition system:"]
[70826][1615585947362][shell][info]["userPartitionService: List of partitions:",[{"partitionId":"a1fdce13-60cc-4c98-aab2-9fdd9bd6cc09","namespace":"users","userId":"14787761","teamId":"0","lastUpdated":"2021-03-12T21:52:27.359Z"},{"partitionId":"f33e1fbd-4f91-4daa-a3e5-85ffcfc799c6","namespace":"scratchPad","userId":0,"teamId":0,"isDirty":false}]]
[70826][1615585947362][shell][info]["userPartitionService: users global meta:",{"activePartition":"a1fdce13-60cc-4c98-aab2-9fdd9bd6cc09"}]
[23835][1615806889659][shell][info]["EventBus~initialize - Success"]
[23835][1615806889768][shell][info]["bootShellCrashReporter~ Success"]
[23835][1615806889838][shell][info]["shellController~init: Success"]
[23835][1615806889843][shell][info]["shellMeta~init: Success"]
[23835][1615806889846][shell][info]["partitionMigrationService: State of V7 partition:"]
[23835][1615806889847][shell][info]["partitionMigrationService: V7 partitions",[]]
[23835][1615806889848][shell][info]["partitionMigrationService: V7 lastActiveUser",null]
[23835][1615806889848][shell][info]["partitionMigrationService: V7 activePartition",null]
[23835][1615806889849][shell][info]["partitionMigrationService: V7 isPartitionDirty",null]
[23835][1615806889854][shell][info]["partitionMigrationService~init: Success"]
[23835][1615806889858][shell][info]["partitionMigrationService~runV8PartitionsIntegrity: Two way migration~ removing the following partitions from v8",[]]
[23835][1615806889864][shell][info]["userPartitionService~getRecentV8UserPartition: recent v8 user context partition ","a1fdce13-60cc-4c98-aab2-9fdd9bd6cc09"]
[23835][1615806889865][shell][info]["userPartitionService~_rectifyTheActivePartitionOfApplication: Setting the active partition to ","a1fdce13-60cc-4c98-aab2-9fdd9bd6cc09"]
[23835][1615806889870][shell][info]["userPartitionService~init: Success"]
[23835][1615806889874][shell][info]["userPartitionService: State of v8 partition system:"]
[23835][1615806889876][shell][info]["userPartitionService: List of partitions:",[{"partitionId":"a1fdce13-60cc-4c98-aab2-9fdd9bd6cc09","namespace":"users","userId":"14787761","teamId":"0","lastUpdated":"2021-03-12T21:52:27.359Z"},{"partitionId":"f33e1fbd-4f91-4daa-a3e5-85ffcfc799c6","namespace":"scratchPad","userId":0,"teamId":0,"isDirty":false}]]
[23835][1615806889879][shell][info]["userPartitionService: users global meta:",{"activePartition":"a1fdce13-60cc-4c98-aab2-9fdd9bd6cc09"}]
[23835][1615806889889][shell][info]["shell~init~loadView: loading active partition"]
[23835][1615806889892][shell][info]["shell~init~loadView: loading active partition","a1fdce13-60cc-4c98-aab2-9fdd9bd6cc09"]
[23835][1615806889928][shell][info]["init~setViewAttributes - Initializing view with opts:",{"id":2,"type":"shared","startTime":1615806885997,"devtools":false,"partitionId":"a1fdce13-60cc-4c98-aab2-9fdd9bd6cc09"}]
[23835][1615806889960][shell][info]["Shell~init~setViewAttributes: passing scratchpad partition id as ","f33e1fbd-4f91-4daa-a3e5-85ffcfc799c6"]
[23835][1615806889962][shell][info]["Shell~init~setViewAttributes: do we have any logged in users? ",true]
[23835][1615806889994][shell][info]["init~setViewAttributes - Success"]
[23835][1615806896509][shell][info]["Shell~init~sendUsersDataToRenderer",["14787761"]]
[23835][1615806897289][shell][info]["EventBus~initialize - Success"]
[23835][1615806897300][shell][info]["bootShellCrashReporter~ Success"]
[23835][1615806897332][shell][info]["userPartitionService: State of v8 partition system:"]
[23835][1615806897334][shell][info]["userPartitionService: List of partitions:",[{"partitionId":"a1fdce13-60cc-4c98-aab2-9fdd9bd6cc09","namespace":"users","userId":"14787761","teamId":"0","lastUpdated":"2021-03-12T21:52:27.359Z"},{"partitionId":"f33e1fbd-4f91-4daa-a3e5-85ffcfc799c6","namespace":"scratchPad","userId":0,"teamId":0,"isDirty":false}]]
[23835][1615806897334][shell][info]["userPartitionService: users global meta:",{"activePartition":"a1fdce13-60cc-4c98-aab2-9fdd9bd6cc09"}]
[23835][1615806897335][shell][info]["shell~init~loadView: loading active partition"]
[23835][1615806897335][shell][info]["shell~init~loadView: loading active partition","a1fdce13-60cc-4c98-aab2-9fdd9bd6cc09"]
[23835][1615806897337][shell][info]["init~setViewAttributes - Initializing view with opts:",{"id":3,"type":"requester","startTime":1615806896565,"devtools":false,"primaryId":3,"allIds":[3],"partitionId":"a1fdce13-60cc-4c98-aab2-9fdd9bd6cc09"}]
[23835][1615806897338][shell][info]["Shell~init~setViewAttributes: passing scratchpad partition id as ","f33e1fbd-4f91-4daa-a3e5-85ffcfc799c6"]
[23835][1615806897338][shell][info]["Shell~init~setViewAttributes: do we have any logged in users? ",true]
[23835][1615806897339][shell][info]["init~setViewAttributes - Success"]
[23835][1615806900192][shell][info]["Shell~init~sendUsersDataToRenderer",["14787761"]]
[23835][1615806900270][shell][info]["Shell~init~sendUsersDataToRenderer",["14787761"]]
[23835][1615806902337][shell][info]["model-events~user - bootstrapUser received"]
[23835][1615806902343][shell][info]["userPartitionService~associateTransitPartition: ",{"partitionId":"a1fdce13-60cc-4c98-aab2-9fdd9bd6cc09","context":{"namespace":"users","userId":"14787761","teamId":"0"}}]
[23835][1615806902344][shell][info]["userPartitionService: State of v8 partition system:"]
[23835][1615806902344][shell][info]["userPartitionService: List of partitions:",[{"partitionId":"a1fdce13-60cc-4c98-aab2-9fdd9bd6cc09","namespace":"users","userId":"14787761","teamId":"0","lastUpdated":"2021-03-15T11:15:02.343Z"},{"partitionId":"f33e1fbd-4f91-4daa-a3e5-85ffcfc799c6","namespace":"scratchPad","userId":0,"teamId":0,"isDirty":false}]]
[23835][1615806902344][shell][info]["userPartitionService: users global meta:",{"activePartition":"a1fdce13-60cc-4c98-aab2-9fdd9bd6cc09"}]
[26026][1615908448356][shell][info]["EventBus~initialize - Success"]
[26026][1615908448462][shell][info]["bootShellCrashReporter~ Success"]
[26026][1615908448498][shell][info]["shellController~init: Success"]
[26026][1615908448499][shell][info]["shellMeta~init: Success"]
[26026][1615908448499][shell][info]["partitionMigrationService: State of V7 partition:"]
[26026][1615908448499][shell][info]["partitionMigrationService: V7 partitions",[]]
[26026][1615908448499][shell][info]["partitionMigrationService: V7 lastActiveUser",null]
[26026][1615908448500][shell][info]["partitionMigrationService: V7 activePartition",null]
[26026][1615908448500][shell][info]["partitionMigrationService: V7 isPartitionDirty",null]
[26026][1615908448501][shell][info]["partitionMigrationService~init: Success"]
[26026][1615908448501][shell][info]["partitionMigrationService~runV8PartitionsIntegrity: Two way migration~ removing the following partitions from v8",[]]
[26026][1615908448502][shell][info]["userPartitionService~getRecentV8UserPartition: recent v8 user context partition ","a1fdce13-60cc-4c98-aab2-9fdd9bd6cc09"]
[26026][1615908448502][shell][info]["userPartitionService~_rectifyTheActivePartitionOfApplication: Setting the active partition to ","a1fdce13-60cc-4c98-aab2-9fdd9bd6cc09"]
[26026][1615908448503][shell][info]["userPartitionService~init: Success"]
[26026][1615908448504][shell][info]["userPartitionService: State of v8 partition system:"]
[26026][1615908448505][shell][info]["userPartitionService: List of partitions:",[{"partitionId":"a1fdce13-60cc-4c98-aab2-9fdd9bd6cc09","namespace":"users","userId":"14787761","teamId":"0","lastUpdated":"2021-03-15T11:15:02.343Z"},{"partitionId":"f33e1fbd-4f91-4daa-a3e5-85ffcfc799c6","namespace":"scratchPad","userId":0,"teamId":0,"isDirty":false}]]
[26026][1615908448505][shell][info]["userPartitionService: users global meta:",{"activePartition":"a1fdce13-60cc-4c98-aab2-9fdd9bd6cc09"}]
[26026][1615908448507][shell][info]["shell~init~loadView: loading active partition"]
[26026][1615908448509][shell][info]["shell~init~loadView: loading active partition","a1fdce13-60cc-4c98-aab2-9fdd9bd6cc09"]
[26026][1615908448512][shell][info]["init~setViewAttributes - Initializing view with opts:",{"id":2,"type":"shared","startTime":1615908444051,"devtools":false,"partitionId":"a1fdce13-60cc-4c98-aab2-9fdd9bd6cc09"}]
[26026][1615908448512][shell][info]["Shell~init~setViewAttributes: passing scratchpad partition id as ","f33e1fbd-4f91-4daa-a3e5-85ffcfc799c6"]
[26026][1615908448513][shell][info]["Shell~init~setViewAttributes: do we have any logged in users? ",true]
[26026][1615908448514][shell][info]["init~setViewAttributes - Success"]
[26026][1615908453993][shell][info]["Shell~init~sendUsersDataToRenderer",["14787761"]]
[26026][1615908454647][shell][info]["EventBus~initialize - Success"]
[26026][1615908454665][shell][info]["bootShellCrashReporter~ Success"]
[26026][1615908454693][shell][info]["userPartitionService: State of v8 partition system:"]
[26026][1615908454694][shell][info]["userPartitionService: List of partitions:",[{"partitionId":"a1fdce13-60cc-4c98-aab2-9fdd9bd6cc09","namespace":"users","userId":"14787761","teamId":"0","lastUpdated":"2021-03-15T11:15:02.343Z"},{"partitionId":"f33e1fbd-4f91-4daa-a3e5-85ffcfc799c6","namespace":"scratchPad","userId":0,"teamId":0,"isDirty":false}]]
[26026][1615908454695][shell][info]["userPartitionService: users global meta:",{"activePartition":"a1fdce13-60cc-4c98-aab2-9fdd9bd6cc09"}]
[26026][1615908454695][shell][info]["shell~init~loadView: loading active partition"]
[26026][1615908454696][shell][info]["shell~init~loadView: loading active partition","a1fdce13-60cc-4c98-aab2-9fdd9bd6cc09"]
[26026][1615908454697][shell][info]["init~setViewAttributes - Initializing view with opts:",{"id":3,"type":"requester","startTime":1615908454084,"devtools":false,"primaryId":3,"allIds":[3],"partitionId":"a1fdce13-60cc-4c98-aab2-9fdd9bd6cc09"}]
[26026][1615908454698][shell][info]["Shell~init~setViewAttributes: passing scratchpad partition id as ","f33e1fbd-4f91-4daa-a3e5-85ffcfc799c6"]
[26026][1615908454698][shell][info]["Shell~init~setViewAttributes: do we have any logged in users? ",true]
[26026][1615908454699][shell][info]["init~setViewAttributes - Success"]
[26026][1615908457410][shell][info]["Shell~init~sendUsersDataToRenderer",["14787761"]]
[26026][1615908457509][shell][info]["Shell~init~sendUsersDataToRenderer",["14787761"]]
[26026][1615908459541][shell][info]["model-events~user - bootstrapUser received"]
[26026][1615908459543][shell][info]["userPartitionService~associateTransitPartition: ",{"partitionId":"a1fdce13-60cc-4c98-aab2-9fdd9bd6cc09","context":{"namespace":"users","userId":"14787761","teamId":"0"}}]
[26026][1615908459543][shell][info]["userPartitionService: State of v8 partition system:"]
[26026][1615908459544][shell][info]["userPartitionService: List of partitions:",[{"partitionId":"a1fdce13-60cc-4c98-aab2-9fdd9bd6cc09","namespace":"users","userId":"14787761","teamId":"0","lastUpdated":"2021-03-16T15:27:39.543Z"},{"partitionId":"f33e1fbd-4f91-4daa-a3e5-85ffcfc799c6","namespace":"scratchPad","userId":0,"teamId":0,"isDirty":false}]]
[26026][1615908459544][shell][info]["userPartitionService: users global meta:",{"activePartition":"a1fdce13-60cc-4c98-aab2-9fdd9bd6cc09"}]
[42978][1615916481405][shell][info]["EventBus~initialize - Success"]
[42978][1615916481420][shell][info]["bootShellCrashReporter~ Success"]
[42978][1615916481459][shell][info]["shellController~init: Success"]
[42978][1615916481460][shell][info]["shellMeta~init: Success"]
[42978][1615916481460][shell][info]["partitionMigrationService: State of V7 partition:"]
[42978][1615916481460][shell][info]["partitionMigrationService: V7 partitions",[]]
[42978][1615916481460][shell][info]["partitionMigrationService: V7 lastActiveUser",null]
[42978][1615916481461][shell][info]["partitionMigrationService: V7 activePartition",null]
[42978][1615916481461][shell][info]["partitionMigrationService: V7 isPartitionDirty",null]
[42978][1615916481462][shell][info]["partitionMigrationService~init: Success"]
[42978][1615916481462][shell][info]["partitionMigrationService~runV8PartitionsIntegrity: Two way migration~ removing the following partitions from v8",[]]
[42978][1615916481463][shell][info]["userPartitionService~getRecentV8UserPartition: recent v8 user context partition ","a1fdce13-60cc-4c98-aab2-9fdd9bd6cc09"]
[42978][1615916481464][shell][info]["userPartitionService~_rectifyTheActivePartitionOfApplication: Setting the active partition to ","a1fdce13-60cc-4c98-aab2-9fdd9bd6cc09"]
[42978][1615916481465][shell][info]["userPartitionService~init: Success"]
[42978][1615916481466][shell][info]["userPartitionService: State of v8 partition system:"]
[42978][1615916481466][shell][info]["userPartitionService: List of partitions:",[{"partitionId":"a1fdce13-60cc-4c98-aab2-9fdd9bd6cc09","namespace":"users","userId":"14787761","teamId":"0","lastUpdated":"2021-03-16T15:27:39.543Z"},{"partitionId":"f33e1fbd-4f91-4daa-a3e5-85ffcfc799c6","namespace":"scratchPad","userId":0,"teamId":0,"isDirty":false}]]
[42978][1615916481468][shell][info]["userPartitionService: users global meta:",{"activePartition":"a1fdce13-60cc-4c98-aab2-9fdd9bd6cc09"}]
[42978][1615916481470][shell][info]["shell~init~loadView: loading active partition"]
[42978][1615916481470][shell][info]["shell~init~loadView: loading active partition","a1fdce13-60cc-4c98-aab2-9fdd9bd6cc09"]
[42978][1615916481472][shell][info]["init~setViewAttributes - Initializing view with opts:",{"id":2,"type":"shared","startTime":1615916480823,"devtools":false,"partitionId":"a1fdce13-60cc-4c98-aab2-9fdd9bd6cc09"}]
[42978][1615916481473][shell][info]["Shell~init~setViewAttributes: passing scratchpad partition id as ","f33e1fbd-4f91-4daa-a3e5-85ffcfc799c6"]
[42978][1615916481473][shell][info]["Shell~init~setViewAttributes: do we have any logged in users? ",true]
[42978][1615916481475][shell][info]["init~setViewAttributes - Success"]
[42978][1615916485919][shell][info]["Shell~init~sendUsersDataToRenderer",["14787761"]]
[42978][1615916486481][shell][info]["EventBus~initialize - Success"]
[42978][1615916486488][shell][info]["bootShellCrashReporter~ Success"]
[42978][1615916486505][shell][info]["userPartitionService: State of v8 partition system:"]
[42978][1615916486506][shell][info]["userPartitionService: List of partitions:",[{"partitionId":"a1fdce13-60cc-4c98-aab2-9fdd9bd6cc09","namespace":"users","userId":"14787761","teamId":"0","lastUpdated":"2021-03-16T15:27:39.543Z"},{"partitionId":"f33e1fbd-4f91-4daa-a3e5-85ffcfc799c6","namespace":"scratchPad","userId":0,"teamId":0,"isDirty":false}]]
[42978][1615916486506][shell][info]["userPartitionService: users global meta:",{"activePartition":"a1fdce13-60cc-4c98-aab2-9fdd9bd6cc09"}]
[42978][1615916486506][shell][info]["shell~init~loadView: loading active partition"]
[42978][1615916486507][shell][info]["shell~init~loadView: loading active partition","a1fdce13-60cc-4c98-aab2-9fdd9bd6cc09"]
[42978][1615916486508][shell][info]["init~setViewAttributes - Initializing view with opts:",{"id":3,"type":"requester","startTime":1615916485976,"devtools":false,"primaryId":3,"allIds":[3],"partitionId":"a1fdce13-60cc-4c98-aab2-9fdd9bd6cc09"}]
[42978][1615916486508][shell][info]["Shell~init~setViewAttributes: passing scratchpad partition id as ","f33e1fbd-4f91-4daa-a3e5-85ffcfc799c6"]
[42978][1615916486508][shell][info]["Shell~init~setViewAttributes: do we have any logged in users? ",true]
[42978][1615916486509][shell][info]["init~setViewAttributes - Success"]
[42978][1615916489002][shell][info]["Shell~init~sendUsersDataToRenderer",["14787761"]]
[42978][1615916489047][shell][info]["Shell~init~sendUsersDataToRenderer",["14787761"]]
[42978][1615916490471][shell][info]["model-events~user - bootstrapUser received"]
[42978][1615916490473][shell][info]["userPartitionService~associateTransitPartition: ",{"partitionId":"a1fdce13-60cc-4c98-aab2-9fdd9bd6cc09","context":{"namespace":"users","userId":"14787761","teamId":"0"}}]
[42978][1615916490474][shell][info]["userPartitionService: State of v8 partition system:"]
[42978][1615916490474][shell][info]["userPartitionService: List of partitions:",[{"partitionId":"a1fdce13-60cc-4c98-aab2-9fdd9bd6cc09","namespace":"users","userId":"14787761","teamId":"0","lastUpdated":"2021-03-16T17:41:30.473Z"},{"partitionId":"f33e1fbd-4f91-4daa-a3e5-85ffcfc799c6","namespace":"scratchPad","userId":0,"teamId":0,"isDirty":false}]]
[42978][1615916490475][shell][info]["userPartitionService: users global meta:",{"activePartition":"a1fdce13-60cc-4c98-aab2-9fdd9bd6cc09"}]
[4920][1616060013619][shell][info]["EventBus~initialize - Success"]
[4920][1616060013947][shell][info]["bootShellCrashReporter~ Success"]
[4920][1616060014055][shell][info]["shellController~init: Success"]
[4920][1616060014056][shell][info]["shellMeta~init: Success"]
[4920][1616060014057][shell][info]["partitionMigrationService: State of V7 partition:"]
[4920][1616060014058][shell][info]["partitionMigrationService: V7 partitions",[]]
[4920][1616060014058][shell][info]["partitionMigrationService: V7 lastActiveUser",null]
[4920][1616060014060][shell][info]["partitionMigrationService: V7 activePartition",null]
[4920][1616060014060][shell][info]["partitionMigrationService: V7 isPartitionDirty",null]
[4920][1616060014062][shell][info]["partitionMigrationService~init: Success"]
[4920][1616060014064][shell][info]["partitionMigrationService~runV8PartitionsIntegrity: Two way migration~ removing the following partitions from v8",[]]
[4920][1616060014067][shell][info]["userPartitionService~getRecentV8UserPartition: recent v8 user context partition ","a1fdce13-60cc-4c98-aab2-9fdd9bd6cc09"]
[4920][1616060014067][shell][info]["userPartitionService~_rectifyTheActivePartitionOfApplication: Setting the active partition to ","a1fdce13-60cc-4c98-aab2-9fdd9bd6cc09"]
[4920][1616060014068][shell][info]["userPartitionService~init: Success"]
[4920][1616060014071][shell][info]["userPartitionService: State of v8 partition system:"]
[4920][1616060014071][shell][info]["userPartitionService: List of partitions:",[{"partitionId":"a1fdce13-60cc-4c98-aab2-9fdd9bd6cc09","namespace":"users","userId":"14787761","teamId":"0","lastUpdated":"2021-03-16T17:41:30.473Z"},{"partitionId":"f33e1fbd-4f91-4daa-a3e5-85ffcfc799c6","namespace":"scratchPad","userId":0,"teamId":0,"isDirty":false}]]
[4920][1616060014073][shell][info]["userPartitionService: users global meta:",{"activePartition":"a1fdce13-60cc-4c98-aab2-9fdd9bd6cc09"}]
[4920][1616060014076][shell][info]["shell~init~loadView: loading active partition"]
[4920][1616060014077][shell][info]["shell~init~loadView: loading active partition","a1fdce13-60cc-4c98-aab2-9fdd9bd6cc09"]
[4920][1616060014080][shell][info]["init~setViewAttributes - Initializing view with opts:",{"id":2,"type":"shared","startTime":1616060009819,"devtools":false,"partitionId":"a1fdce13-60cc-4c98-aab2-9fdd9bd6cc09"}]
[4920][1616060014082][shell][info]["Shell~init~setViewAttributes: passing scratchpad partition id as ","f33e1fbd-4f91-4daa-a3e5-85ffcfc799c6"]
[4920][1616060014083][shell][info]["Shell~init~setViewAttributes: do we have any logged in users? ",true]
[4920][1616060014087][shell][info]["init~setViewAttributes - Success"]
[4920][1616060019211][shell][info]["Shell~init~sendUsersDataToRenderer",["14787761"]]
[4920][1616060019774][shell][info]["EventBus~initialize - Success"]
[4920][1616060019780][shell][info]["bootShellCrashReporter~ Success"]
[4920][1616060019794][shell][info]["userPartitionService: State of v8 partition system:"]
[4920][1616060019795][shell][info]["userPartitionService: List of partitions:",[{"partitionId":"a1fdce13-60cc-4c98-aab2-9fdd9bd6cc09","namespace":"users","userId":"14787761","teamId":"0","lastUpdated":"2021-03-16T17:41:30.473Z"},{"partitionId":"f33e1fbd-4f91-4daa-a3e5-85ffcfc799c6","namespace":"scratchPad","userId":0,"teamId":0,"isDirty":false}]]
[4920][1616060019795][shell][info]["userPartitionService: users global meta:",{"activePartition":"a1fdce13-60cc-4c98-aab2-9fdd9bd6cc09"}]
[4920][1616060019795][shell][info]["shell~init~loadView: loading active partition"]
[4920][1616060019796][shell][info]["shell~init~loadView: loading active partition","a1fdce13-60cc-4c98-aab2-9fdd9bd6cc09"]
[4920][1616060019796][shell][info]["init~setViewAttributes - Initializing view with opts:",{"id":3,"type":"requester","startTime":1616060019295,"devtools":false,"primaryId":3,"allIds":[3],"partitionId":"a1fdce13-60cc-4c98-aab2-9fdd9bd6cc09"}]
[4920][1616060019797][shell][info]["Shell~init~setViewAttributes: passing scratchpad partition id as ","f33e1fbd-4f91-4daa-a3e5-85ffcfc799c6"]
[4920][1616060019797][shell][info]["Shell~init~setViewAttributes: do we have any logged in users? ",true]
[4920][1616060019798][shell][info]["init~setViewAttributes - Success"]
[4920][1616060022256][shell][info]["Shell~init~sendUsersDataToRenderer",["14787761"]]
[4920][1616060022313][shell][info]["Shell~init~sendUsersDataToRenderer",["14787761"]]
[4920][1616060024151][shell][info]["model-events~user - bootstrapUser received"]
[4920][1616060024152][shell][info]["userPartitionService~associateTransitPartition: ",{"partitionId":"a1fdce13-60cc-4c98-aab2-9fdd9bd6cc09","context":{"namespace":"users","userId":"14787761","teamId":"0"}}]
[4920][1616060024152][shell][info]["userPartitionService: State of v8 partition system:"]
[4920][1616060024153][shell][info]["userPartitionService: List of partitions:",[{"partitionId":"a1fdce13-60cc-4c98-aab2-9fdd9bd6cc09","namespace":"users","userId":"14787761","teamId":"0","lastUpdated":"2021-03-18T09:33:44.152Z"},{"partitionId":"f33e1fbd-4f91-4daa-a3e5-85ffcfc799c6","namespace":"scratchPad","userId":0,"teamId":0,"isDirty":false}]]
[4920][1616060024153][shell][info]["userPartitionService: users global meta:",{"activePartition":"a1fdce13-60cc-4c98-aab2-9fdd9bd6cc09"}]
